<?xml version="1.0" encoding="UTF-8"?>
<testng-results ignored="0" total="1" passed="1" failed="0" skipped="0">
  <reporter-output>
  </reporter-output>
  <suite started-at="2024-05-09T18:02:03 IST" name="Suite" finished-at="2024-05-09T18:02:13 IST" duration-ms="10323">
    <groups>
    </groups>
    <test started-at="2024-05-09T18:02:03 IST" name="Test" finished-at="2024-05-09T18:02:13 IST" duration-ms="10323">
      <class name="JenPrcts.login">
        <test-method signature="loh()[pri:0, instance:JenPrcts.login@708f5957]" started-at="2024-05-09T18:02:03 IST" name="loh" finished-at="2024-05-09T18:02:13 IST" duration-ms="10206" status="PASS">
          <reporter-output>
          </reporter-output>
        </test-method> <!-- loh -->
      </class> <!-- JenPrcts.login -->
    </test> <!-- Test -->
  </suite> <!-- Suite -->
</testng-results>
