<?xml version="1.0" encoding="UTF-8"?>
<testng-results ignored="0" total="1" passed="1" failed="0" skipped="0">
  <reporter-output>
  </reporter-output>
  <suite started-at="2024-05-09T17:26:30 IST" name="Default suite" finished-at="2024-05-09T17:26:36 IST" duration-ms="6252">
    <groups>
    </groups>
    <test started-at="2024-05-09T17:26:30 IST" name="Default test" finished-at="2024-05-09T17:26:36 IST" duration-ms="6252">
      <class name="JenPrcts.login">
        <test-method signature="loh()[pri:0, instance:JenPrcts.login@54c5a2ff]" started-at="2024-05-09T17:26:30 IST" name="loh" finished-at="2024-05-09T17:26:36 IST" duration-ms="6193" status="PASS">
          <reporter-output>
          </reporter-output>
        </test-method> <!-- loh -->
      </class> <!-- JenPrcts.login -->
    </test> <!-- Default test -->
  </suite> <!-- Default suite -->
</testng-results>
